{"name":"hexo","hostname":"panhtdeMacBook-Pro.local","pid":8270,"level":20,"msg":"Hexo version: \u001b[35m3.2.2\u001b[39m","time":"2016-09-13T14:49:30.230Z","v":0}
{"name":"hexo","hostname":"panhtdeMacBook-Pro.local","pid":8270,"level":20,"msg":"Working directory: \u001b[35m~/blog/tim.github.io/\u001b[39m","time":"2016-09-13T14:49:30.232Z","v":0}
{"name":"hexo","hostname":"panhtdeMacBook-Pro.local","pid":8270,"level":20,"msg":"Config loaded: \u001b[35m~/blog/tim.github.io/_config.yml\u001b[39m","time":"2016-09-13T14:49:30.318Z","v":0}
{"name":"hexo","hostname":"panhtdeMacBook-Pro.local","pid":8270,"level":20,"msg":"Script loaded: \u001b[35mthemes/next/scripts/merge-configs.js\u001b[39m","time":"2016-09-13T14:49:30.329Z","v":0}
{"name":"hexo","hostname":"panhtdeMacBook-Pro.local","pid":8270,"level":20,"msg":"Script loaded: \u001b[35mthemes/next/scripts/tags/full-image.js\u001b[39m","time":"2016-09-13T14:49:30.329Z","v":0}
{"name":"hexo","hostname":"panhtdeMacBook-Pro.local","pid":8270,"level":20,"msg":"Script loaded: \u001b[35mthemes/next/scripts/tags/center-quote.js\u001b[39m","time":"2016-09-13T14:49:30.330Z","v":0}
{"name":"hexo","hostname":"panhtdeMacBook-Pro.local","pid":8270,"level":20,"msg":"Script loaded: \u001b[35mthemes/next/scripts/tags/group-pictures.js\u001b[39m","time":"2016-09-13T14:49:30.330Z","v":0}
{"name":"hexo","hostname":"panhtdeMacBook-Pro.local","pid":8270,"level":20,"msg":"Plugin loaded: \u001b[35mhexo-generator-archive\u001b[39m","time":"2016-09-13T14:49:30.332Z","v":0}
{"name":"hexo","hostname":"panhtdeMacBook-Pro.local","pid":8270,"level":20,"msg":"Plugin loaded: \u001b[35mhexo-generator-category\u001b[39m","time":"2016-09-13T14:49:30.333Z","v":0}
{"name":"hexo","hostname":"panhtdeMacBook-Pro.local","pid":8270,"level":20,"msg":"Plugin loaded: \u001b[35mhexo-generator-index\u001b[39m","time":"2016-09-13T14:49:30.335Z","v":0}
{"name":"hexo","hostname":"panhtdeMacBook-Pro.local","pid":8270,"level":20,"msg":"Plugin loaded: \u001b[35mhexo-generator-tag\u001b[39m","time":"2016-09-13T14:49:30.336Z","v":0}
{"name":"hexo","hostname":"panhtdeMacBook-Pro.local","pid":8270,"level":20,"msg":"Plugin loaded: \u001b[35mhexo-renderer-ejs\u001b[39m","time":"2016-09-13T14:49:30.338Z","v":0}
{"name":"hexo","hostname":"panhtdeMacBook-Pro.local","pid":8270,"level":20,"msg":"Plugin loaded: \u001b[35mhexo-renderer-stylus\u001b[39m","time":"2016-09-13T14:49:30.340Z","v":0}
{"name":"hexo","hostname":"panhtdeMacBook-Pro.local","pid":8270,"level":20,"msg":"Plugin loaded: \u001b[35mhexo-renderer-marked\u001b[39m","time":"2016-09-13T14:49:30.345Z","v":0}
{"name":"hexo","hostname":"panhtdeMacBook-Pro.local","pid":8270,"level":20,"msg":"Plugin loaded: \u001b[35mhexo-server\u001b[39m","time":"2016-09-13T14:49:30.388Z","v":0}
{"name":"hexo","hostname":"panhtdeMacBook-Pro.local","pid":8270,"level":20,"msg":"Loading database.","time":"2016-09-13T14:49:30.396Z","v":0}
{"name":"hexo","hostname":"panhtdeMacBook-Pro.local","pid":8270,"level":30,"msg":"Start processing","time":"2016-09-13T14:49:30.445Z","v":0}
{"name":"hexo","hostname":"panhtdeMacBook-Pro.local","pid":8270,"level":20,"msg":"Processed: \u001b[35m_posts/hello-world.md\u001b[39m","time":"2016-09-13T14:49:30.522Z","v":0}
{"name":"hexo","hostname":"panhtdeMacBook-Pro.local","pid":8270,"level":20,"msg":"Theme config loaded.","time":"2016-09-13T14:49:30.578Z","v":0}
{"name":"hexo","hostname":"panhtdeMacBook-Pro.local","pid":8270,"level":20,"msg":"Processed: \u001b[35m_config.yml\u001b[39m","time":"2016-09-13T14:49:30.579Z","v":0}
{"name":"hexo","hostname":"panhtdeMacBook-Pro.local","pid":8270,"level":20,"msg":"Processed: \u001b[35msource/css/main.styl\u001b[39m","time":"2016-09-13T14:49:30.601Z","v":0}
{"name":"hexo","hostname":"panhtdeMacBook-Pro.local","pid":8270,"level":20,"msg":"Processed: \u001b[35msource/images/avatar.gif\u001b[39m","time":"2016-09-13T14:49:30.601Z","v":0}
{"name":"hexo","hostname":"panhtdeMacBook-Pro.local","pid":8270,"level":20,"msg":"Processed: \u001b[35msource/images/cc-by-nc-nd.svg\u001b[39m","time":"2016-09-13T14:49:30.601Z","v":0}
{"name":"hexo","hostname":"panhtdeMacBook-Pro.local","pid":8270,"level":20,"msg":"Processed: \u001b[35msource/images/cc-by-nc-sa.svg\u001b[39m","time":"2016-09-13T14:49:30.602Z","v":0}
{"name":"hexo","hostname":"panhtdeMacBook-Pro.local","pid":8270,"level":20,"msg":"Processed: \u001b[35msource/images/cc-by-nd.svg\u001b[39m","time":"2016-09-13T14:49:30.602Z","v":0}
{"name":"hexo","hostname":"panhtdeMacBook-Pro.local","pid":8270,"level":20,"msg":"Processed: \u001b[35msource/images/cc-by-nc.svg\u001b[39m","time":"2016-09-13T14:49:30.603Z","v":0}
{"name":"hexo","hostname":"panhtdeMacBook-Pro.local","pid":8270,"level":20,"msg":"Processed: \u001b[35msource/images/cc-by-sa.svg\u001b[39m","time":"2016-09-13T14:49:30.603Z","v":0}
{"name":"hexo","hostname":"panhtdeMacBook-Pro.local","pid":8270,"level":20,"msg":"Processed: \u001b[35msource/images/cc-by.svg\u001b[39m","time":"2016-09-13T14:49:30.604Z","v":0}
{"name":"hexo","hostname":"panhtdeMacBook-Pro.local","pid":8270,"level":20,"msg":"Processed: \u001b[35msource/images/cc-zero.svg\u001b[39m","time":"2016-09-13T14:49:30.605Z","v":0}
{"name":"hexo","hostname":"panhtdeMacBook-Pro.local","pid":8270,"level":20,"msg":"Processed: \u001b[35msource/images/loading.gif\u001b[39m","time":"2016-09-13T14:49:30.605Z","v":0}
{"name":"hexo","hostname":"panhtdeMacBook-Pro.local","pid":8270,"level":20,"msg":"Processed: \u001b[35msource/images/quote-l.svg\u001b[39m","time":"2016-09-13T14:49:30.606Z","v":0}
{"name":"hexo","hostname":"panhtdeMacBook-Pro.local","pid":8270,"level":20,"msg":"Processed: \u001b[35msource/images/placeholder.gif\u001b[39m","time":"2016-09-13T14:49:30.606Z","v":0}
{"name":"hexo","hostname":"panhtdeMacBook-Pro.local","pid":8270,"level":20,"msg":"Processed: \u001b[35msource/images/quote-r.svg\u001b[39m","time":"2016-09-13T14:49:30.607Z","v":0}
{"name":"hexo","hostname":"panhtdeMacBook-Pro.local","pid":8270,"level":20,"msg":"Processed: \u001b[35msource/images/searchicon.png\u001b[39m","time":"2016-09-13T14:49:30.607Z","v":0}
{"name":"hexo","hostname":"panhtdeMacBook-Pro.local","pid":8270,"level":20,"msg":"Processed: \u001b[35mlayout/_layout.swig\u001b[39m","time":"2016-09-13T14:49:30.736Z","v":0}
{"name":"hexo","hostname":"panhtdeMacBook-Pro.local","pid":8270,"level":20,"msg":"Processed: \u001b[35mlayout/archive.swig\u001b[39m","time":"2016-09-13T14:49:30.736Z","v":0}
{"name":"hexo","hostname":"panhtdeMacBook-Pro.local","pid":8270,"level":20,"msg":"Processed: \u001b[35mlayout/category.swig\u001b[39m","time":"2016-09-13T14:49:30.736Z","v":0}
{"name":"hexo","hostname":"panhtdeMacBook-Pro.local","pid":8270,"level":20,"msg":"Processed: \u001b[35mlayout/index.swig\u001b[39m","time":"2016-09-13T14:49:30.736Z","v":0}
{"name":"hexo","hostname":"panhtdeMacBook-Pro.local","pid":8270,"level":20,"msg":"Processed: \u001b[35mlayout/page.swig\u001b[39m","time":"2016-09-13T14:49:30.736Z","v":0}
{"name":"hexo","hostname":"panhtdeMacBook-Pro.local","pid":8270,"level":20,"msg":"Processed: \u001b[35mlayout/post.swig\u001b[39m","time":"2016-09-13T14:49:30.736Z","v":0}
{"name":"hexo","hostname":"panhtdeMacBook-Pro.local","pid":8270,"level":20,"msg":"Processed: \u001b[35mlayout/tag.swig\u001b[39m","time":"2016-09-13T14:49:30.736Z","v":0}
{"name":"hexo","hostname":"panhtdeMacBook-Pro.local","pid":8270,"level":20,"msg":"Processed: \u001b[35mlanguages/de.yml\u001b[39m","time":"2016-09-13T14:49:30.742Z","v":0}
{"name":"hexo","hostname":"panhtdeMacBook-Pro.local","pid":8270,"level":20,"msg":"Processed: \u001b[35mlanguages/default.yml\u001b[39m","time":"2016-09-13T14:49:30.742Z","v":0}
{"name":"hexo","hostname":"panhtdeMacBook-Pro.local","pid":8270,"level":20,"msg":"Processed: \u001b[35mlanguages/en.yml\u001b[39m","time":"2016-09-13T14:49:30.742Z","v":0}
{"name":"hexo","hostname":"panhtdeMacBook-Pro.local","pid":8270,"level":20,"msg":"Processed: \u001b[35mlanguages/fr-FR.yml\u001b[39m","time":"2016-09-13T14:49:30.742Z","v":0}
{"name":"hexo","hostname":"panhtdeMacBook-Pro.local","pid":8270,"level":20,"msg":"Processed: \u001b[35mlanguages/id.yml\u001b[39m","time":"2016-09-13T14:49:30.742Z","v":0}
{"name":"hexo","hostname":"panhtdeMacBook-Pro.local","pid":8270,"level":20,"msg":"Processed: \u001b[35mlanguages/ja.yml\u001b[39m","time":"2016-09-13T14:49:30.742Z","v":0}
{"name":"hexo","hostname":"panhtdeMacBook-Pro.local","pid":8270,"level":20,"msg":"Processed: \u001b[35mlanguages/ko.yml\u001b[39m","time":"2016-09-13T14:49:30.742Z","v":0}
{"name":"hexo","hostname":"panhtdeMacBook-Pro.local","pid":8270,"level":20,"msg":"Processed: \u001b[35mlanguages/pt-BR.yml\u001b[39m","time":"2016-09-13T14:49:30.742Z","v":0}
{"name":"hexo","hostname":"panhtdeMacBook-Pro.local","pid":8270,"level":20,"msg":"Processed: \u001b[35mlanguages/pt.yml\u001b[39m","time":"2016-09-13T14:49:30.742Z","v":0}
{"name":"hexo","hostname":"panhtdeMacBook-Pro.local","pid":8270,"level":20,"msg":"Processed: \u001b[35mlanguages/ru.yml\u001b[39m","time":"2016-09-13T14:49:30.743Z","v":0}
{"name":"hexo","hostname":"panhtdeMacBook-Pro.local","pid":8270,"level":20,"msg":"Processed: \u001b[35mlanguages/zh-Hans.yml\u001b[39m","time":"2016-09-13T14:49:30.743Z","v":0}
{"name":"hexo","hostname":"panhtdeMacBook-Pro.local","pid":8270,"level":20,"msg":"Processed: \u001b[35mlanguages/zh-hk.yml\u001b[39m","time":"2016-09-13T14:49:30.743Z","v":0}
{"name":"hexo","hostname":"panhtdeMacBook-Pro.local","pid":8270,"level":20,"msg":"Processed: \u001b[35mlanguages/zh-tw.yml\u001b[39m","time":"2016-09-13T14:49:30.743Z","v":0}
{"name":"hexo","hostname":"panhtdeMacBook-Pro.local","pid":8270,"level":20,"msg":"Processed: \u001b[35msource/js/src/affix.js\u001b[39m","time":"2016-09-13T14:49:30.757Z","v":0}
{"name":"hexo","hostname":"panhtdeMacBook-Pro.local","pid":8270,"level":20,"msg":"Processed: \u001b[35msource/js/src/bootstrap.js\u001b[39m","time":"2016-09-13T14:49:30.757Z","v":0}
{"name":"hexo","hostname":"panhtdeMacBook-Pro.local","pid":8270,"level":20,"msg":"Processed: \u001b[35msource/js/src/hook-duoshuo.js\u001b[39m","time":"2016-09-13T14:49:30.757Z","v":0}
{"name":"hexo","hostname":"panhtdeMacBook-Pro.local","pid":8270,"level":20,"msg":"Processed: \u001b[35msource/js/src/motion.js\u001b[39m","time":"2016-09-13T14:49:30.757Z","v":0}
{"name":"hexo","hostname":"panhtdeMacBook-Pro.local","pid":8270,"level":20,"msg":"Processed: \u001b[35msource/js/src/post-details.js\u001b[39m","time":"2016-09-13T14:49:30.757Z","v":0}
{"name":"hexo","hostname":"panhtdeMacBook-Pro.local","pid":8270,"level":20,"msg":"Processed: \u001b[35msource/js/src/scrollspy.js\u001b[39m","time":"2016-09-13T14:49:30.758Z","v":0}
{"name":"hexo","hostname":"panhtdeMacBook-Pro.local","pid":8270,"level":20,"msg":"Processed: \u001b[35msource/js/src/utils.js\u001b[39m","time":"2016-09-13T14:49:30.758Z","v":0}
{"name":"hexo","hostname":"panhtdeMacBook-Pro.local","pid":8270,"level":20,"msg":"Processed: \u001b[35msource/vendors/fastclick/LICENSE\u001b[39m","time":"2016-09-13T14:49:30.758Z","v":0}
{"name":"hexo","hostname":"panhtdeMacBook-Pro.local","pid":8270,"level":20,"msg":"Processed: \u001b[35msource/vendors/fastclick/README.md\u001b[39m","time":"2016-09-13T14:49:30.758Z","v":0}
{"name":"hexo","hostname":"panhtdeMacBook-Pro.local","pid":8270,"level":20,"msg":"Processed: \u001b[35msource/vendors/fastclick/bower.json\u001b[39m","time":"2016-09-13T14:49:30.758Z","v":0}
{"name":"hexo","hostname":"panhtdeMacBook-Pro.local","pid":8270,"level":20,"msg":"Processed: \u001b[35msource/vendors/font-awesome/HELP-US-OUT.txt\u001b[39m","time":"2016-09-13T14:49:30.759Z","v":0}
{"name":"hexo","hostname":"panhtdeMacBook-Pro.local","pid":8270,"level":20,"msg":"Processed: \u001b[35msource/vendors/font-awesome/bower.json\u001b[39m","time":"2016-09-13T14:49:30.759Z","v":0}
{"name":"hexo","hostname":"panhtdeMacBook-Pro.local","pid":8270,"level":20,"msg":"Processed: \u001b[35msource/vendors/jquery_lazyload/CONTRIBUTING.md\u001b[39m","time":"2016-09-13T14:49:30.760Z","v":0}
{"name":"hexo","hostname":"panhtdeMacBook-Pro.local","pid":8270,"level":20,"msg":"Processed: \u001b[35msource/vendors/jquery_lazyload/README.md\u001b[39m","time":"2016-09-13T14:49:30.760Z","v":0}
{"name":"hexo","hostname":"panhtdeMacBook-Pro.local","pid":8270,"level":20,"msg":"Processed: \u001b[35msource/vendors/jquery_lazyload/bower.json\u001b[39m","time":"2016-09-13T14:49:30.760Z","v":0}
{"name":"hexo","hostname":"panhtdeMacBook-Pro.local","pid":8270,"level":20,"msg":"Processed: \u001b[35msource/vendors/jquery_lazyload/jquery.lazyload.js\u001b[39m","time":"2016-09-13T14:49:30.760Z","v":0}
{"name":"hexo","hostname":"panhtdeMacBook-Pro.local","pid":8270,"level":20,"msg":"Processed: \u001b[35msource/vendors/jquery_lazyload/jquery.scrollstop.js\u001b[39m","time":"2016-09-13T14:49:30.760Z","v":0}
{"name":"hexo","hostname":"panhtdeMacBook-Pro.local","pid":8270,"level":20,"msg":"Processed: \u001b[35msource/vendors/velocity/bower.json\u001b[39m","time":"2016-09-13T14:49:30.761Z","v":0}
{"name":"hexo","hostname":"panhtdeMacBook-Pro.local","pid":8270,"level":20,"msg":"Processed: \u001b[35msource/vendors/velocity/velocity.min.js\u001b[39m","time":"2016-09-13T14:49:30.761Z","v":0}
{"name":"hexo","hostname":"panhtdeMacBook-Pro.local","pid":8270,"level":20,"msg":"Processed: \u001b[35msource/vendors/velocity/velocity.ui.min.js\u001b[39m","time":"2016-09-13T14:49:30.761Z","v":0}
{"name":"hexo","hostname":"panhtdeMacBook-Pro.local","pid":8270,"level":20,"msg":"Processed: \u001b[35msource/vendors/velocity/velocity.ui.js\u001b[39m","time":"2016-09-13T14:49:30.762Z","v":0}
{"name":"hexo","hostname":"panhtdeMacBook-Pro.local","pid":8270,"level":20,"msg":"Processed: \u001b[35mlayout/_macro/post-collapse.swig\u001b[39m","time":"2016-09-13T14:49:30.811Z","v":0}
{"name":"hexo","hostname":"panhtdeMacBook-Pro.local","pid":8270,"level":20,"msg":"Processed: \u001b[35mlayout/_macro/post.swig\u001b[39m","time":"2016-09-13T14:49:30.811Z","v":0}
{"name":"hexo","hostname":"panhtdeMacBook-Pro.local","pid":8270,"level":20,"msg":"Processed: \u001b[35mlayout/_macro/reward.swig\u001b[39m","time":"2016-09-13T14:49:30.811Z","v":0}
{"name":"hexo","hostname":"panhtdeMacBook-Pro.local","pid":8270,"level":20,"msg":"Processed: \u001b[35mlayout/_macro/wechat-subscriber.swig\u001b[39m","time":"2016-09-13T14:49:30.811Z","v":0}
{"name":"hexo","hostname":"panhtdeMacBook-Pro.local","pid":8270,"level":20,"msg":"Processed: \u001b[35mlayout/_macro/sidebar.swig\u001b[39m","time":"2016-09-13T14:49:30.811Z","v":0}
{"name":"hexo","hostname":"panhtdeMacBook-Pro.local","pid":8270,"level":20,"msg":"Processed: \u001b[35mlayout/_partials/duoshuo-hot-articles.swig\u001b[39m","time":"2016-09-13T14:49:30.811Z","v":0}
{"name":"hexo","hostname":"panhtdeMacBook-Pro.local","pid":8270,"level":20,"msg":"Processed: \u001b[35mlayout/_partials/comments.swig\u001b[39m","time":"2016-09-13T14:49:30.811Z","v":0}
{"name":"hexo","hostname":"panhtdeMacBook-Pro.local","pid":8270,"level":20,"msg":"Processed: \u001b[35mlayout/_partials/footer.swig\u001b[39m","time":"2016-09-13T14:49:30.811Z","v":0}
{"name":"hexo","hostname":"panhtdeMacBook-Pro.local","pid":8270,"level":20,"msg":"Processed: \u001b[35mlayout/_partials/head.swig\u001b[39m","time":"2016-09-13T14:49:30.811Z","v":0}
{"name":"hexo","hostname":"panhtdeMacBook-Pro.local","pid":8270,"level":20,"msg":"Processed: \u001b[35mlayout/_partials/header.swig\u001b[39m","time":"2016-09-13T14:49:30.811Z","v":0}
{"name":"hexo","hostname":"panhtdeMacBook-Pro.local","pid":8270,"level":20,"msg":"Processed: \u001b[35mlayout/_partials/search.swig\u001b[39m","time":"2016-09-13T14:49:30.811Z","v":0}
{"name":"hexo","hostname":"panhtdeMacBook-Pro.local","pid":8270,"level":20,"msg":"Processed: \u001b[35mlayout/_scripts/baidu-push.swig\u001b[39m","time":"2016-09-13T14:49:30.811Z","v":0}
{"name":"hexo","hostname":"panhtdeMacBook-Pro.local","pid":8270,"level":20,"msg":"Processed: \u001b[35mlayout/_partials/pagination.swig\u001b[39m","time":"2016-09-13T14:49:30.812Z","v":0}
{"name":"hexo","hostname":"panhtdeMacBook-Pro.local","pid":8270,"level":20,"msg":"Processed: \u001b[35mlayout/_scripts/boostrap.swig\u001b[39m","time":"2016-09-13T14:49:30.812Z","v":0}
{"name":"hexo","hostname":"panhtdeMacBook-Pro.local","pid":8270,"level":20,"msg":"Processed: \u001b[35mlayout/_scripts/commons.swig\u001b[39m","time":"2016-09-13T14:49:30.812Z","v":0}
{"name":"hexo","hostname":"panhtdeMacBook-Pro.local","pid":8270,"level":20,"msg":"Processed: \u001b[35mlayout/_scripts/vendors.swig\u001b[39m","time":"2016-09-13T14:49:30.812Z","v":0}
{"name":"hexo","hostname":"panhtdeMacBook-Pro.local","pid":8270,"level":20,"msg":"Processed: \u001b[35msource/vendors/jquery/index.js\u001b[39m","time":"2016-09-13T14:49:30.813Z","v":0}
{"name":"hexo","hostname":"panhtdeMacBook-Pro.local","pid":8270,"level":20,"msg":"Processed: \u001b[35mlayout/_scripts/schemes/muse.swig\u001b[39m","time":"2016-09-13T14:49:30.817Z","v":0}
{"name":"hexo","hostname":"panhtdeMacBook-Pro.local","pid":8270,"level":20,"msg":"Processed: \u001b[35mlayout/_scripts/schemes/mist.swig\u001b[39m","time":"2016-09-13T14:49:30.818Z","v":0}
{"name":"hexo","hostname":"panhtdeMacBook-Pro.local","pid":8270,"level":20,"msg":"Processed: \u001b[35msource/js/src/schemes/pisces.js\u001b[39m","time":"2016-09-13T14:49:30.821Z","v":0}
{"name":"hexo","hostname":"panhtdeMacBook-Pro.local","pid":8270,"level":20,"msg":"Processed: \u001b[35msource/vendors/fancybox/source/fancybox_loading.gif\u001b[39m","time":"2016-09-13T14:49:30.821Z","v":0}
{"name":"hexo","hostname":"panhtdeMacBook-Pro.local","pid":8270,"level":20,"msg":"Processed: \u001b[35msource/vendors/fancybox/source/blank.gif\u001b[39m","time":"2016-09-13T14:49:30.821Z","v":0}
{"name":"hexo","hostname":"panhtdeMacBook-Pro.local","pid":8270,"level":20,"msg":"Processed: \u001b[35msource/vendors/fancybox/source/fancybox_loading@2x.gif\u001b[39m","time":"2016-09-13T14:49:30.822Z","v":0}
{"name":"hexo","hostname":"panhtdeMacBook-Pro.local","pid":8270,"level":20,"msg":"Processed: \u001b[35msource/vendors/fancybox/source/fancybox_overlay.png\u001b[39m","time":"2016-09-13T14:49:30.822Z","v":0}
{"name":"hexo","hostname":"panhtdeMacBook-Pro.local","pid":8270,"level":20,"msg":"Processed: \u001b[35msource/vendors/fancybox/source/fancybox_sprite.png\u001b[39m","time":"2016-09-13T14:49:30.822Z","v":0}
{"name":"hexo","hostname":"panhtdeMacBook-Pro.local","pid":8270,"level":20,"msg":"Processed: \u001b[35msource/vendors/fancybox/source/fancybox_sprite@2x.png\u001b[39m","time":"2016-09-13T14:49:30.822Z","v":0}
{"name":"hexo","hostname":"panhtdeMacBook-Pro.local","pid":8270,"level":20,"msg":"Processed: \u001b[35msource/vendors/fancybox/source/jquery.fancybox.css\u001b[39m","time":"2016-09-13T14:49:30.822Z","v":0}
{"name":"hexo","hostname":"panhtdeMacBook-Pro.local","pid":8270,"level":20,"msg":"Processed: \u001b[35msource/vendors/fancybox/source/jquery.fancybox.pack.js\u001b[39m","time":"2016-09-13T14:49:30.822Z","v":0}
{"name":"hexo","hostname":"panhtdeMacBook-Pro.local","pid":8270,"level":20,"msg":"Processed: \u001b[35msource/vendors/fancybox/source/jquery.fancybox.js\u001b[39m","time":"2016-09-13T14:49:30.822Z","v":0}
{"name":"hexo","hostname":"panhtdeMacBook-Pro.local","pid":8270,"level":20,"msg":"Processed: \u001b[35msource/vendors/fastclick/lib/fastclick.js\u001b[39m","time":"2016-09-13T14:49:30.822Z","v":0}
{"name":"hexo","hostname":"panhtdeMacBook-Pro.local","pid":8270,"level":20,"msg":"Processed: \u001b[35msource/vendors/fastclick/lib/fastclick.min.js\u001b[39m","time":"2016-09-13T14:49:30.823Z","v":0}
{"name":"hexo","hostname":"panhtdeMacBook-Pro.local","pid":8270,"level":20,"msg":"Processed: \u001b[35msource/vendors/font-awesome/css/font-awesome.css\u001b[39m","time":"2016-09-13T14:49:30.823Z","v":0}
{"name":"hexo","hostname":"panhtdeMacBook-Pro.local","pid":8270,"level":20,"msg":"Processed: \u001b[35msource/vendors/font-awesome/css/font-awesome.min.css\u001b[39m","time":"2016-09-13T14:49:30.823Z","v":0}
{"name":"hexo","hostname":"panhtdeMacBook-Pro.local","pid":8270,"level":20,"msg":"Processed: \u001b[35msource/vendors/font-awesome/css/font-awesome.css.map\u001b[39m","time":"2016-09-13T14:49:30.823Z","v":0}
{"name":"hexo","hostname":"panhtdeMacBook-Pro.local","pid":8270,"level":20,"msg":"Processed: \u001b[35msource/vendors/font-awesome/fonts/fontawesome-webfont.woff2\u001b[39m","time":"2016-09-13T14:49:30.823Z","v":0}
{"name":"hexo","hostname":"panhtdeMacBook-Pro.local","pid":8270,"level":20,"msg":"Processed: \u001b[35msource/vendors/ua-parser-js/dist/ua-parser.pack.js\u001b[39m","time":"2016-09-13T14:49:30.823Z","v":0}
{"name":"hexo","hostname":"panhtdeMacBook-Pro.local","pid":8270,"level":20,"msg":"Processed: \u001b[35msource/vendors/ua-parser-js/dist/ua-parser.min.js\u001b[39m","time":"2016-09-13T14:49:30.823Z","v":0}
{"name":"hexo","hostname":"panhtdeMacBook-Pro.local","pid":8270,"level":20,"msg":"Processed: \u001b[35mlayout/_partials/search/localsearch.swig\u001b[39m","time":"2016-09-13T14:49:30.834Z","v":0}
{"name":"hexo","hostname":"panhtdeMacBook-Pro.local","pid":8270,"level":20,"msg":"Processed: \u001b[35mlayout/_partials/head/external-fonts.swig\u001b[39m","time":"2016-09-13T14:49:30.834Z","v":0}
{"name":"hexo","hostname":"panhtdeMacBook-Pro.local","pid":8270,"level":20,"msg":"Processed: \u001b[35mlayout/_partials/search/tinysou.swig\u001b[39m","time":"2016-09-13T14:49:30.834Z","v":0}
{"name":"hexo","hostname":"panhtdeMacBook-Pro.local","pid":8270,"level":20,"msg":"Processed: \u001b[35mlayout/_partials/search/swiftype.swig\u001b[39m","time":"2016-09-13T14:49:30.834Z","v":0}
{"name":"hexo","hostname":"panhtdeMacBook-Pro.local","pid":8270,"level":20,"msg":"Processed: \u001b[35mlayout/_partials/share/add-this.swig\u001b[39m","time":"2016-09-13T14:49:30.834Z","v":0}
{"name":"hexo","hostname":"panhtdeMacBook-Pro.local","pid":8270,"level":20,"msg":"Processed: \u001b[35mlayout/_partials/share/baidushare.swig\u001b[39m","time":"2016-09-13T14:49:30.834Z","v":0}
{"name":"hexo","hostname":"panhtdeMacBook-Pro.local","pid":8270,"level":20,"msg":"Processed: \u001b[35mlayout/_partials/share/duoshuo_share.swig\u001b[39m","time":"2016-09-13T14:49:30.834Z","v":0}
{"name":"hexo","hostname":"panhtdeMacBook-Pro.local","pid":8270,"level":20,"msg":"Processed: \u001b[35mlayout/_partials/share/jiathis.swig\u001b[39m","time":"2016-09-13T14:49:30.834Z","v":0}
{"name":"hexo","hostname":"panhtdeMacBook-Pro.local","pid":8270,"level":20,"msg":"Processed: \u001b[35mlayout/_scripts/pages/post-details.swig\u001b[39m","time":"2016-09-13T14:49:30.834Z","v":0}
{"name":"hexo","hostname":"panhtdeMacBook-Pro.local","pid":8270,"level":20,"msg":"Processed: \u001b[35mlayout/_scripts/schemes/pisces.swig\u001b[39m","time":"2016-09-13T14:49:30.834Z","v":0}
{"name":"hexo","hostname":"panhtdeMacBook-Pro.local","pid":8270,"level":20,"msg":"Processed: \u001b[35mlayout/_scripts/third-party/analytics.swig\u001b[39m","time":"2016-09-13T14:49:30.834Z","v":0}
{"name":"hexo","hostname":"panhtdeMacBook-Pro.local","pid":8270,"level":20,"msg":"Processed: \u001b[35mlayout/_scripts/third-party/comments.swig\u001b[39m","time":"2016-09-13T14:49:30.834Z","v":0}
{"name":"hexo","hostname":"panhtdeMacBook-Pro.local","pid":8270,"level":20,"msg":"Processed: \u001b[35mlayout/_scripts/third-party/mathjax.swig\u001b[39m","time":"2016-09-13T14:49:30.834Z","v":0}
{"name":"hexo","hostname":"panhtdeMacBook-Pro.local","pid":8270,"level":20,"msg":"Processed: \u001b[35mlayout/_scripts/third-party/lean-analytics.swig\u001b[39m","time":"2016-09-13T14:49:30.835Z","v":0}
{"name":"hexo","hostname":"panhtdeMacBook-Pro.local","pid":8270,"level":20,"msg":"Processed: \u001b[35mlayout/_scripts/third-party/localsearch.swig\u001b[39m","time":"2016-09-13T14:49:30.835Z","v":0}
{"name":"hexo","hostname":"panhtdeMacBook-Pro.local","pid":8270,"level":20,"msg":"Processed: \u001b[35mlayout/_scripts/third-party/tinysou.swig\u001b[39m","time":"2016-09-13T14:49:30.835Z","v":0}
{"name":"hexo","hostname":"panhtdeMacBook-Pro.local","pid":8270,"level":20,"msg":"Processed: \u001b[35msource/vendors/font-awesome/fonts/FontAwesome.otf\u001b[39m","time":"2016-09-13T14:49:30.835Z","v":0}
{"name":"hexo","hostname":"panhtdeMacBook-Pro.local","pid":8270,"level":20,"msg":"Processed: \u001b[35msource/vendors/font-awesome/fonts/fontawesome-webfont.eot\u001b[39m","time":"2016-09-13T14:49:30.835Z","v":0}
{"name":"hexo","hostname":"panhtdeMacBook-Pro.local","pid":8270,"level":20,"msg":"Processed: \u001b[35msource/vendors/font-awesome/fonts/fontawesome-webfont.woff\u001b[39m","time":"2016-09-13T14:49:30.836Z","v":0}
{"name":"hexo","hostname":"panhtdeMacBook-Pro.local","pid":8270,"level":20,"msg":"Processed: \u001b[35msource/vendors/velocity/velocity.js\u001b[39m","time":"2016-09-13T14:49:30.836Z","v":0}
{"name":"hexo","hostname":"panhtdeMacBook-Pro.local","pid":8270,"level":20,"msg":"Processed: \u001b[35msource/vendors/fancybox/source/helpers/fancybox_buttons.png\u001b[39m","time":"2016-09-13T14:49:30.841Z","v":0}
{"name":"hexo","hostname":"panhtdeMacBook-Pro.local","pid":8270,"level":20,"msg":"Processed: \u001b[35msource/vendors/fancybox/source/helpers/jquery.fancybox-buttons.css\u001b[39m","time":"2016-09-13T14:49:30.844Z","v":0}
{"name":"hexo","hostname":"panhtdeMacBook-Pro.local","pid":8270,"level":20,"msg":"Processed: \u001b[35msource/vendors/fancybox/source/helpers/jquery.fancybox-buttons.js\u001b[39m","time":"2016-09-13T14:49:30.844Z","v":0}
{"name":"hexo","hostname":"panhtdeMacBook-Pro.local","pid":8270,"level":20,"msg":"Processed: \u001b[35msource/vendors/fancybox/source/helpers/jquery.fancybox-media.js\u001b[39m","time":"2016-09-13T14:49:30.844Z","v":0}
{"name":"hexo","hostname":"panhtdeMacBook-Pro.local","pid":8270,"level":20,"msg":"Processed: \u001b[35msource/vendors/fancybox/source/helpers/jquery.fancybox-thumbs.css\u001b[39m","time":"2016-09-13T14:49:30.844Z","v":0}
{"name":"hexo","hostname":"panhtdeMacBook-Pro.local","pid":8270,"level":20,"msg":"Processed: \u001b[35msource/vendors/fancybox/source/helpers/jquery.fancybox-thumbs.js\u001b[39m","time":"2016-09-13T14:49:30.844Z","v":0}
{"name":"hexo","hostname":"panhtdeMacBook-Pro.local","pid":8270,"level":20,"msg":"Processed: \u001b[35msource/vendors/font-awesome/fonts/fontawesome-webfont.ttf\u001b[39m","time":"2016-09-13T14:49:30.844Z","v":0}
{"name":"hexo","hostname":"panhtdeMacBook-Pro.local","pid":8270,"level":20,"msg":"Processed: \u001b[35mlayout/_scripts/third-party/analytics/baidu-analytics.swig\u001b[39m","time":"2016-09-13T14:49:30.850Z","v":0}
{"name":"hexo","hostname":"panhtdeMacBook-Pro.local","pid":8270,"level":20,"msg":"Processed: \u001b[35mlayout/_scripts/third-party/analytics/facebook-sdk.swig\u001b[39m","time":"2016-09-13T14:49:30.850Z","v":0}
{"name":"hexo","hostname":"panhtdeMacBook-Pro.local","pid":8270,"level":20,"msg":"Processed: \u001b[35mlayout/_scripts/third-party/analytics/cnzz-analytics.swig\u001b[39m","time":"2016-09-13T14:49:30.850Z","v":0}
{"name":"hexo","hostname":"panhtdeMacBook-Pro.local","pid":8270,"level":20,"msg":"Processed: \u001b[35mlayout/_scripts/third-party/analytics/google-analytics.swig\u001b[39m","time":"2016-09-13T14:49:30.850Z","v":0}
{"name":"hexo","hostname":"panhtdeMacBook-Pro.local","pid":8270,"level":20,"msg":"Processed: \u001b[35mlayout/_scripts/third-party/analytics/busuanzi-counter.swig\u001b[39m","time":"2016-09-13T14:49:30.851Z","v":0}
{"name":"hexo","hostname":"panhtdeMacBook-Pro.local","pid":8270,"level":20,"msg":"Processed: \u001b[35mlayout/_scripts/third-party/analytics/tencent-analytics.swig\u001b[39m","time":"2016-09-13T14:49:30.851Z","v":0}
{"name":"hexo","hostname":"panhtdeMacBook-Pro.local","pid":8270,"level":20,"msg":"Processed: \u001b[35mlayout/_scripts/third-party/comments/disqus.swig\u001b[39m","time":"2016-09-13T14:49:30.851Z","v":0}
{"name":"hexo","hostname":"panhtdeMacBook-Pro.local","pid":8270,"level":20,"msg":"Processed: \u001b[35mlayout/_scripts/third-party/comments/duoshuo.swig\u001b[39m","time":"2016-09-13T14:49:30.851Z","v":0}
{"name":"hexo","hostname":"panhtdeMacBook-Pro.local","pid":8270,"level":20,"msg":"Processed: \u001b[35msource/vendors/font-awesome/fonts/fontawesome-webfont.svg\u001b[39m","time":"2016-09-13T14:49:30.853Z","v":0}
{"name":"hexo","hostname":"panhtdeMacBook-Pro.local","pid":8270,"level":20,"msg":"Generator: \u001b[35mpage\u001b[39m","time":"2016-09-13T14:49:30.936Z","v":0}
{"name":"hexo","hostname":"panhtdeMacBook-Pro.local","pid":8270,"level":20,"msg":"Generator: \u001b[35mpost\u001b[39m","time":"2016-09-13T14:49:30.936Z","v":0}
{"name":"hexo","hostname":"panhtdeMacBook-Pro.local","pid":8270,"level":20,"msg":"Generator: \u001b[35marchive\u001b[39m","time":"2016-09-13T14:49:30.936Z","v":0}
{"name":"hexo","hostname":"panhtdeMacBook-Pro.local","pid":8270,"level":20,"msg":"Generator: \u001b[35mcategory\u001b[39m","time":"2016-09-13T14:49:30.936Z","v":0}
{"name":"hexo","hostname":"panhtdeMacBook-Pro.local","pid":8270,"level":20,"msg":"Generator: \u001b[35mindex\u001b[39m","time":"2016-09-13T14:49:30.936Z","v":0}
{"name":"hexo","hostname":"panhtdeMacBook-Pro.local","pid":8270,"level":20,"msg":"Generator: \u001b[35mtag\u001b[39m","time":"2016-09-13T14:49:30.936Z","v":0}
{"name":"hexo","hostname":"panhtdeMacBook-Pro.local","pid":8270,"level":20,"msg":"Generator: \u001b[35masset\u001b[39m","time":"2016-09-13T14:49:30.938Z","v":0}
{"name":"hexo","hostname":"panhtdeMacBook-Pro.local","pid":8270,"level":30,"msg":"Hexo is running at \u001b[4mhttp://localhost:4000/\u001b[24m. Press Ctrl+C to stop.","time":"2016-09-13T14:49:30.943Z","v":0}
{"name":"hexo","hostname":"panhtdeMacBook-Pro.local","pid":8270,"level":20,"msg":"Database saved","time":"2016-09-13T14:49:30.952Z","v":0}
{"name":"hexo","hostname":"panhtdeMacBook-Pro.local","pid":8270,"level":20,"msg":"Rendering index: \u001b[35mindex.html\u001b[39m","time":"2016-09-13T14:49:39.773Z","v":0}
{"name":"hexo","hostname":"panhtdeMacBook-Pro.local","pid":8270,"level":30,"msg":"Farewell","time":"2016-09-13T14:49:51.692Z","v":0}
{"name":"hexo","hostname":"panhtdeMacBook-Pro.local","pid":8270,"level":20,"msg":"Database saved","time":"2016-09-13T14:49:51.701Z","v":0}
{"name":"hexo","hostname":"panhtdeMacBook-Pro.local","pid":8367,"level":20,"msg":"Hexo version: \u001b[35m3.2.2\u001b[39m","time":"2016-09-13T14:59:50.442Z","v":0}
{"name":"hexo","hostname":"panhtdeMacBook-Pro.local","pid":8367,"level":20,"msg":"Working directory: \u001b[35m~/blog/tim.github.io/\u001b[39m","time":"2016-09-13T14:59:50.445Z","v":0}
{"name":"hexo","hostname":"panhtdeMacBook-Pro.local","pid":8367,"level":20,"msg":"Config loaded: \u001b[35m~/blog/tim.github.io/_config.yml\u001b[39m","time":"2016-09-13T14:59:50.522Z","v":0}
{"name":"hexo","hostname":"panhtdeMacBook-Pro.local","pid":8367,"level":20,"msg":"Script loaded: \u001b[35mthemes/next/scripts/merge-configs.js\u001b[39m","time":"2016-09-13T14:59:50.532Z","v":0}
{"name":"hexo","hostname":"panhtdeMacBook-Pro.local","pid":8367,"level":20,"msg":"Script loaded: \u001b[35mthemes/next/scripts/tags/center-quote.js\u001b[39m","time":"2016-09-13T14:59:50.532Z","v":0}
{"name":"hexo","hostname":"panhtdeMacBook-Pro.local","pid":8367,"level":20,"msg":"Script loaded: \u001b[35mthemes/next/scripts/tags/full-image.js\u001b[39m","time":"2016-09-13T14:59:50.533Z","v":0}
{"name":"hexo","hostname":"panhtdeMacBook-Pro.local","pid":8367,"level":20,"msg":"Script loaded: \u001b[35mthemes/next/scripts/tags/group-pictures.js\u001b[39m","time":"2016-09-13T14:59:50.534Z","v":0}
{"name":"hexo","hostname":"panhtdeMacBook-Pro.local","pid":8367,"level":20,"msg":"Plugin loaded: \u001b[35mhexo-generator-archive\u001b[39m","time":"2016-09-13T14:59:50.535Z","v":0}
{"name":"hexo","hostname":"panhtdeMacBook-Pro.local","pid":8367,"level":20,"msg":"Plugin loaded: \u001b[35mhexo-generator-category\u001b[39m","time":"2016-09-13T14:59:50.536Z","v":0}
{"name":"hexo","hostname":"panhtdeMacBook-Pro.local","pid":8367,"level":20,"msg":"Plugin loaded: \u001b[35mhexo-generator-index\u001b[39m","time":"2016-09-13T14:59:50.537Z","v":0}
{"name":"hexo","hostname":"panhtdeMacBook-Pro.local","pid":8367,"level":20,"msg":"Plugin loaded: \u001b[35mhexo-generator-tag\u001b[39m","time":"2016-09-13T14:59:50.538Z","v":0}
{"name":"hexo","hostname":"panhtdeMacBook-Pro.local","pid":8367,"level":20,"msg":"Plugin loaded: \u001b[35mhexo-renderer-ejs\u001b[39m","time":"2016-09-13T14:59:50.541Z","v":0}
{"name":"hexo","hostname":"panhtdeMacBook-Pro.local","pid":8367,"level":20,"msg":"Plugin loaded: \u001b[35mhexo-renderer-stylus\u001b[39m","time":"2016-09-13T14:59:50.543Z","v":0}
{"name":"hexo","hostname":"panhtdeMacBook-Pro.local","pid":8367,"level":20,"msg":"Plugin loaded: \u001b[35mhexo-renderer-marked\u001b[39m","time":"2016-09-13T14:59:50.547Z","v":0}
{"name":"hexo","hostname":"panhtdeMacBook-Pro.local","pid":8367,"level":20,"msg":"Plugin loaded: \u001b[35mhexo-server\u001b[39m","time":"2016-09-13T14:59:50.587Z","v":0}
{"name":"hexo","hostname":"panhtdeMacBook-Pro.local","pid":8367,"level":20,"msg":"Loading database.","time":"2016-09-13T14:59:50.594Z","v":0}
{"name":"hexo","hostname":"panhtdeMacBook-Pro.local","pid":8367,"level":30,"msg":"Start processing","time":"2016-09-13T14:59:50.646Z","v":0}
{"name":"hexo","hostname":"panhtdeMacBook-Pro.local","pid":8367,"level":20,"msg":"Processed: \u001b[35m_posts/hello-world.md\u001b[39m","time":"2016-09-13T14:59:50.717Z","v":0}
{"name":"hexo","hostname":"panhtdeMacBook-Pro.local","pid":8367,"level":20,"msg":"Theme config loaded.","time":"2016-09-13T14:59:50.764Z","v":0}
{"name":"hexo","hostname":"panhtdeMacBook-Pro.local","pid":8367,"level":20,"msg":"Processed: \u001b[35m_config.yml\u001b[39m","time":"2016-09-13T14:59:50.765Z","v":0}
{"name":"hexo","hostname":"panhtdeMacBook-Pro.local","pid":8367,"level":20,"msg":"Processed: \u001b[35msource/css/main.styl\u001b[39m","time":"2016-09-13T14:59:50.783Z","v":0}
{"name":"hexo","hostname":"panhtdeMacBook-Pro.local","pid":8367,"level":20,"msg":"Processed: \u001b[35msource/images/avatar.gif\u001b[39m","time":"2016-09-13T14:59:50.784Z","v":0}
{"name":"hexo","hostname":"panhtdeMacBook-Pro.local","pid":8367,"level":20,"msg":"Processed: \u001b[35msource/images/cc-by-nc-nd.svg\u001b[39m","time":"2016-09-13T14:59:50.784Z","v":0}
{"name":"hexo","hostname":"panhtdeMacBook-Pro.local","pid":8367,"level":20,"msg":"Processed: \u001b[35msource/images/cc-by-nc.svg\u001b[39m","time":"2016-09-13T14:59:50.785Z","v":0}
{"name":"hexo","hostname":"panhtdeMacBook-Pro.local","pid":8367,"level":20,"msg":"Processed: \u001b[35msource/images/cc-by-nc-sa.svg\u001b[39m","time":"2016-09-13T14:59:50.785Z","v":0}
{"name":"hexo","hostname":"panhtdeMacBook-Pro.local","pid":8367,"level":20,"msg":"Processed: \u001b[35msource/images/cc-by-nd.svg\u001b[39m","time":"2016-09-13T14:59:50.785Z","v":0}
{"name":"hexo","hostname":"panhtdeMacBook-Pro.local","pid":8367,"level":20,"msg":"Processed: \u001b[35msource/images/cc-by-sa.svg\u001b[39m","time":"2016-09-13T14:59:50.786Z","v":0}
{"name":"hexo","hostname":"panhtdeMacBook-Pro.local","pid":8367,"level":20,"msg":"Processed: \u001b[35msource/images/cc-by.svg\u001b[39m","time":"2016-09-13T14:59:50.786Z","v":0}
{"name":"hexo","hostname":"panhtdeMacBook-Pro.local","pid":8367,"level":20,"msg":"Processed: \u001b[35msource/images/cc-zero.svg\u001b[39m","time":"2016-09-13T14:59:50.788Z","v":0}
{"name":"hexo","hostname":"panhtdeMacBook-Pro.local","pid":8367,"level":20,"msg":"Processed: \u001b[35msource/images/loading.gif\u001b[39m","time":"2016-09-13T14:59:50.789Z","v":0}
{"name":"hexo","hostname":"panhtdeMacBook-Pro.local","pid":8367,"level":20,"msg":"Processed: \u001b[35msource/images/placeholder.gif\u001b[39m","time":"2016-09-13T14:59:50.789Z","v":0}
{"name":"hexo","hostname":"panhtdeMacBook-Pro.local","pid":8367,"level":20,"msg":"Processed: \u001b[35msource/images/quote-l.svg\u001b[39m","time":"2016-09-13T14:59:50.789Z","v":0}
{"name":"hexo","hostname":"panhtdeMacBook-Pro.local","pid":8367,"level":20,"msg":"Processed: \u001b[35msource/images/quote-r.svg\u001b[39m","time":"2016-09-13T14:59:50.790Z","v":0}
{"name":"hexo","hostname":"panhtdeMacBook-Pro.local","pid":8367,"level":20,"msg":"Processed: \u001b[35msource/images/searchicon.png\u001b[39m","time":"2016-09-13T14:59:50.790Z","v":0}
{"name":"hexo","hostname":"panhtdeMacBook-Pro.local","pid":8367,"level":20,"msg":"Processed: \u001b[35mlayout/archive.swig\u001b[39m","time":"2016-09-13T14:59:50.917Z","v":0}
{"name":"hexo","hostname":"panhtdeMacBook-Pro.local","pid":8367,"level":20,"msg":"Processed: \u001b[35mlayout/_layout.swig\u001b[39m","time":"2016-09-13T14:59:50.917Z","v":0}
{"name":"hexo","hostname":"panhtdeMacBook-Pro.local","pid":8367,"level":20,"msg":"Processed: \u001b[35mlayout/category.swig\u001b[39m","time":"2016-09-13T14:59:50.917Z","v":0}
{"name":"hexo","hostname":"panhtdeMacBook-Pro.local","pid":8367,"level":20,"msg":"Processed: \u001b[35mlayout/index.swig\u001b[39m","time":"2016-09-13T14:59:50.917Z","v":0}
{"name":"hexo","hostname":"panhtdeMacBook-Pro.local","pid":8367,"level":20,"msg":"Processed: \u001b[35mlayout/page.swig\u001b[39m","time":"2016-09-13T14:59:50.917Z","v":0}
{"name":"hexo","hostname":"panhtdeMacBook-Pro.local","pid":8367,"level":20,"msg":"Processed: \u001b[35mlayout/post.swig\u001b[39m","time":"2016-09-13T14:59:50.917Z","v":0}
{"name":"hexo","hostname":"panhtdeMacBook-Pro.local","pid":8367,"level":20,"msg":"Processed: \u001b[35mlayout/tag.swig\u001b[39m","time":"2016-09-13T14:59:50.917Z","v":0}
{"name":"hexo","hostname":"panhtdeMacBook-Pro.local","pid":8367,"level":20,"msg":"Processed: \u001b[35mlanguages/de.yml\u001b[39m","time":"2016-09-13T14:59:50.923Z","v":0}
{"name":"hexo","hostname":"panhtdeMacBook-Pro.local","pid":8367,"level":20,"msg":"Processed: \u001b[35mlanguages/default.yml\u001b[39m","time":"2016-09-13T14:59:50.923Z","v":0}
{"name":"hexo","hostname":"panhtdeMacBook-Pro.local","pid":8367,"level":20,"msg":"Processed: \u001b[35mlanguages/en.yml\u001b[39m","time":"2016-09-13T14:59:50.923Z","v":0}
{"name":"hexo","hostname":"panhtdeMacBook-Pro.local","pid":8367,"level":20,"msg":"Processed: \u001b[35mlanguages/fr-FR.yml\u001b[39m","time":"2016-09-13T14:59:50.923Z","v":0}
{"name":"hexo","hostname":"panhtdeMacBook-Pro.local","pid":8367,"level":20,"msg":"Processed: \u001b[35mlanguages/id.yml\u001b[39m","time":"2016-09-13T14:59:50.923Z","v":0}
{"name":"hexo","hostname":"panhtdeMacBook-Pro.local","pid":8367,"level":20,"msg":"Processed: \u001b[35mlanguages/ja.yml\u001b[39m","time":"2016-09-13T14:59:50.924Z","v":0}
{"name":"hexo","hostname":"panhtdeMacBook-Pro.local","pid":8367,"level":20,"msg":"Processed: \u001b[35mlanguages/ko.yml\u001b[39m","time":"2016-09-13T14:59:50.924Z","v":0}
{"name":"hexo","hostname":"panhtdeMacBook-Pro.local","pid":8367,"level":20,"msg":"Processed: \u001b[35mlanguages/pt-BR.yml\u001b[39m","time":"2016-09-13T14:59:50.924Z","v":0}
{"name":"hexo","hostname":"panhtdeMacBook-Pro.local","pid":8367,"level":20,"msg":"Processed: \u001b[35mlanguages/pt.yml\u001b[39m","time":"2016-09-13T14:59:50.924Z","v":0}
{"name":"hexo","hostname":"panhtdeMacBook-Pro.local","pid":8367,"level":20,"msg":"Processed: \u001b[35mlanguages/zh-Hans.yml\u001b[39m","time":"2016-09-13T14:59:50.924Z","v":0}
{"name":"hexo","hostname":"panhtdeMacBook-Pro.local","pid":8367,"level":20,"msg":"Processed: \u001b[35mlanguages/zh-tw.yml\u001b[39m","time":"2016-09-13T14:59:50.924Z","v":0}
{"name":"hexo","hostname":"panhtdeMacBook-Pro.local","pid":8367,"level":20,"msg":"Processed: \u001b[35mlanguages/ru.yml\u001b[39m","time":"2016-09-13T14:59:50.924Z","v":0}
{"name":"hexo","hostname":"panhtdeMacBook-Pro.local","pid":8367,"level":20,"msg":"Processed: \u001b[35mlanguages/zh-hk.yml\u001b[39m","time":"2016-09-13T14:59:50.924Z","v":0}
{"name":"hexo","hostname":"panhtdeMacBook-Pro.local","pid":8367,"level":20,"msg":"Processed: \u001b[35msource/js/src/affix.js\u001b[39m","time":"2016-09-13T14:59:50.938Z","v":0}
{"name":"hexo","hostname":"panhtdeMacBook-Pro.local","pid":8367,"level":20,"msg":"Processed: \u001b[35msource/js/src/bootstrap.js\u001b[39m","time":"2016-09-13T14:59:50.939Z","v":0}
{"name":"hexo","hostname":"panhtdeMacBook-Pro.local","pid":8367,"level":20,"msg":"Processed: \u001b[35msource/js/src/hook-duoshuo.js\u001b[39m","time":"2016-09-13T14:59:50.939Z","v":0}
{"name":"hexo","hostname":"panhtdeMacBook-Pro.local","pid":8367,"level":20,"msg":"Processed: \u001b[35msource/js/src/motion.js\u001b[39m","time":"2016-09-13T14:59:50.939Z","v":0}
{"name":"hexo","hostname":"panhtdeMacBook-Pro.local","pid":8367,"level":20,"msg":"Processed: \u001b[35msource/js/src/post-details.js\u001b[39m","time":"2016-09-13T14:59:50.939Z","v":0}
{"name":"hexo","hostname":"panhtdeMacBook-Pro.local","pid":8367,"level":20,"msg":"Processed: \u001b[35msource/js/src/scrollspy.js\u001b[39m","time":"2016-09-13T14:59:50.940Z","v":0}
{"name":"hexo","hostname":"panhtdeMacBook-Pro.local","pid":8367,"level":20,"msg":"Processed: \u001b[35msource/js/src/utils.js\u001b[39m","time":"2016-09-13T14:59:50.940Z","v":0}
{"name":"hexo","hostname":"panhtdeMacBook-Pro.local","pid":8367,"level":20,"msg":"Processed: \u001b[35msource/vendors/fastclick/LICENSE\u001b[39m","time":"2016-09-13T14:59:50.940Z","v":0}
{"name":"hexo","hostname":"panhtdeMacBook-Pro.local","pid":8367,"level":20,"msg":"Processed: \u001b[35msource/vendors/fastclick/README.md\u001b[39m","time":"2016-09-13T14:59:50.940Z","v":0}
{"name":"hexo","hostname":"panhtdeMacBook-Pro.local","pid":8367,"level":20,"msg":"Processed: \u001b[35msource/vendors/fastclick/bower.json\u001b[39m","time":"2016-09-13T14:59:50.940Z","v":0}
{"name":"hexo","hostname":"panhtdeMacBook-Pro.local","pid":8367,"level":20,"msg":"Processed: \u001b[35msource/vendors/font-awesome/HELP-US-OUT.txt\u001b[39m","time":"2016-09-13T14:59:50.940Z","v":0}
{"name":"hexo","hostname":"panhtdeMacBook-Pro.local","pid":8367,"level":20,"msg":"Processed: \u001b[35msource/vendors/font-awesome/bower.json\u001b[39m","time":"2016-09-13T14:59:50.941Z","v":0}
{"name":"hexo","hostname":"panhtdeMacBook-Pro.local","pid":8367,"level":20,"msg":"Processed: \u001b[35msource/vendors/jquery_lazyload/README.md\u001b[39m","time":"2016-09-13T14:59:50.941Z","v":0}
{"name":"hexo","hostname":"panhtdeMacBook-Pro.local","pid":8367,"level":20,"msg":"Processed: \u001b[35msource/vendors/jquery_lazyload/CONTRIBUTING.md\u001b[39m","time":"2016-09-13T14:59:50.941Z","v":0}
{"name":"hexo","hostname":"panhtdeMacBook-Pro.local","pid":8367,"level":20,"msg":"Processed: \u001b[35msource/vendors/jquery_lazyload/bower.json\u001b[39m","time":"2016-09-13T14:59:50.941Z","v":0}
{"name":"hexo","hostname":"panhtdeMacBook-Pro.local","pid":8367,"level":20,"msg":"Processed: \u001b[35msource/vendors/jquery_lazyload/jquery.lazyload.js\u001b[39m","time":"2016-09-13T14:59:50.941Z","v":0}
{"name":"hexo","hostname":"panhtdeMacBook-Pro.local","pid":8367,"level":20,"msg":"Processed: \u001b[35msource/vendors/jquery_lazyload/jquery.scrollstop.js\u001b[39m","time":"2016-09-13T14:59:50.942Z","v":0}
{"name":"hexo","hostname":"panhtdeMacBook-Pro.local","pid":8367,"level":20,"msg":"Processed: \u001b[35msource/vendors/velocity/bower.json\u001b[39m","time":"2016-09-13T14:59:50.942Z","v":0}
{"name":"hexo","hostname":"panhtdeMacBook-Pro.local","pid":8367,"level":20,"msg":"Processed: \u001b[35msource/vendors/velocity/velocity.min.js\u001b[39m","time":"2016-09-13T14:59:50.942Z","v":0}
{"name":"hexo","hostname":"panhtdeMacBook-Pro.local","pid":8367,"level":20,"msg":"Processed: \u001b[35msource/vendors/velocity/velocity.ui.min.js\u001b[39m","time":"2016-09-13T14:59:50.942Z","v":0}
{"name":"hexo","hostname":"panhtdeMacBook-Pro.local","pid":8367,"level":20,"msg":"Processed: \u001b[35msource/vendors/velocity/velocity.ui.js\u001b[39m","time":"2016-09-13T14:59:50.942Z","v":0}
{"name":"hexo","hostname":"panhtdeMacBook-Pro.local","pid":8367,"level":20,"msg":"Processed: \u001b[35mlayout/_macro/post-collapse.swig\u001b[39m","time":"2016-09-13T14:59:50.990Z","v":0}
{"name":"hexo","hostname":"panhtdeMacBook-Pro.local","pid":8367,"level":20,"msg":"Processed: \u001b[35mlayout/_macro/post.swig\u001b[39m","time":"2016-09-13T14:59:50.990Z","v":0}
{"name":"hexo","hostname":"panhtdeMacBook-Pro.local","pid":8367,"level":20,"msg":"Processed: \u001b[35mlayout/_macro/reward.swig\u001b[39m","time":"2016-09-13T14:59:50.990Z","v":0}
{"name":"hexo","hostname":"panhtdeMacBook-Pro.local","pid":8367,"level":20,"msg":"Processed: \u001b[35mlayout/_macro/wechat-subscriber.swig\u001b[39m","time":"2016-09-13T14:59:50.991Z","v":0}
{"name":"hexo","hostname":"panhtdeMacBook-Pro.local","pid":8367,"level":20,"msg":"Processed: \u001b[35mlayout/_partials/comments.swig\u001b[39m","time":"2016-09-13T14:59:50.991Z","v":0}
{"name":"hexo","hostname":"panhtdeMacBook-Pro.local","pid":8367,"level":20,"msg":"Processed: \u001b[35mlayout/_macro/sidebar.swig\u001b[39m","time":"2016-09-13T14:59:50.991Z","v":0}
{"name":"hexo","hostname":"panhtdeMacBook-Pro.local","pid":8367,"level":20,"msg":"Processed: \u001b[35mlayout/_partials/duoshuo-hot-articles.swig\u001b[39m","time":"2016-09-13T14:59:50.991Z","v":0}
{"name":"hexo","hostname":"panhtdeMacBook-Pro.local","pid":8367,"level":20,"msg":"Processed: \u001b[35mlayout/_partials/footer.swig\u001b[39m","time":"2016-09-13T14:59:50.991Z","v":0}
{"name":"hexo","hostname":"panhtdeMacBook-Pro.local","pid":8367,"level":20,"msg":"Processed: \u001b[35mlayout/_partials/head.swig\u001b[39m","time":"2016-09-13T14:59:50.991Z","v":0}
{"name":"hexo","hostname":"panhtdeMacBook-Pro.local","pid":8367,"level":20,"msg":"Processed: \u001b[35mlayout/_partials/header.swig\u001b[39m","time":"2016-09-13T14:59:50.991Z","v":0}
{"name":"hexo","hostname":"panhtdeMacBook-Pro.local","pid":8367,"level":20,"msg":"Processed: \u001b[35mlayout/_partials/pagination.swig\u001b[39m","time":"2016-09-13T14:59:50.991Z","v":0}
{"name":"hexo","hostname":"panhtdeMacBook-Pro.local","pid":8367,"level":20,"msg":"Processed: \u001b[35mlayout/_partials/search.swig\u001b[39m","time":"2016-09-13T14:59:50.991Z","v":0}
{"name":"hexo","hostname":"panhtdeMacBook-Pro.local","pid":8367,"level":20,"msg":"Processed: \u001b[35mlayout/_scripts/baidu-push.swig\u001b[39m","time":"2016-09-13T14:59:50.991Z","v":0}
{"name":"hexo","hostname":"panhtdeMacBook-Pro.local","pid":8367,"level":20,"msg":"Processed: \u001b[35mlayout/_scripts/boostrap.swig\u001b[39m","time":"2016-09-13T14:59:50.991Z","v":0}
{"name":"hexo","hostname":"panhtdeMacBook-Pro.local","pid":8367,"level":20,"msg":"Processed: \u001b[35mlayout/_scripts/commons.swig\u001b[39m","time":"2016-09-13T14:59:50.991Z","v":0}
{"name":"hexo","hostname":"panhtdeMacBook-Pro.local","pid":8367,"level":20,"msg":"Processed: \u001b[35mlayout/_scripts/vendors.swig\u001b[39m","time":"2016-09-13T14:59:50.991Z","v":0}
{"name":"hexo","hostname":"panhtdeMacBook-Pro.local","pid":8367,"level":20,"msg":"Processed: \u001b[35msource/vendors/jquery/index.js\u001b[39m","time":"2016-09-13T14:59:50.993Z","v":0}
{"name":"hexo","hostname":"panhtdeMacBook-Pro.local","pid":8367,"level":20,"msg":"Processed: \u001b[35mlayout/_scripts/schemes/mist.swig\u001b[39m","time":"2016-09-13T14:59:50.999Z","v":0}
{"name":"hexo","hostname":"panhtdeMacBook-Pro.local","pid":8367,"level":20,"msg":"Processed: \u001b[35mlayout/_scripts/schemes/muse.swig\u001b[39m","time":"2016-09-13T14:59:50.999Z","v":0}
{"name":"hexo","hostname":"panhtdeMacBook-Pro.local","pid":8367,"level":20,"msg":"Processed: \u001b[35msource/js/src/schemes/pisces.js\u001b[39m","time":"2016-09-13T14:59:51.002Z","v":0}
{"name":"hexo","hostname":"panhtdeMacBook-Pro.local","pid":8367,"level":20,"msg":"Processed: \u001b[35msource/vendors/fancybox/source/blank.gif\u001b[39m","time":"2016-09-13T14:59:51.002Z","v":0}
{"name":"hexo","hostname":"panhtdeMacBook-Pro.local","pid":8367,"level":20,"msg":"Processed: \u001b[35msource/vendors/fancybox/source/fancybox_loading.gif\u001b[39m","time":"2016-09-13T14:59:51.002Z","v":0}
{"name":"hexo","hostname":"panhtdeMacBook-Pro.local","pid":8367,"level":20,"msg":"Processed: \u001b[35msource/vendors/fancybox/source/fancybox_overlay.png\u001b[39m","time":"2016-09-13T14:59:51.002Z","v":0}
{"name":"hexo","hostname":"panhtdeMacBook-Pro.local","pid":8367,"level":20,"msg":"Processed: \u001b[35msource/vendors/fancybox/source/fancybox_loading@2x.gif\u001b[39m","time":"2016-09-13T14:59:51.002Z","v":0}
{"name":"hexo","hostname":"panhtdeMacBook-Pro.local","pid":8367,"level":20,"msg":"Processed: \u001b[35msource/vendors/fancybox/source/fancybox_sprite.png\u001b[39m","time":"2016-09-13T14:59:51.003Z","v":0}
{"name":"hexo","hostname":"panhtdeMacBook-Pro.local","pid":8367,"level":20,"msg":"Processed: \u001b[35msource/vendors/fancybox/source/fancybox_sprite@2x.png\u001b[39m","time":"2016-09-13T14:59:51.003Z","v":0}
{"name":"hexo","hostname":"panhtdeMacBook-Pro.local","pid":8367,"level":20,"msg":"Processed: \u001b[35msource/vendors/fancybox/source/jquery.fancybox.css\u001b[39m","time":"2016-09-13T14:59:51.003Z","v":0}
{"name":"hexo","hostname":"panhtdeMacBook-Pro.local","pid":8367,"level":20,"msg":"Processed: \u001b[35msource/vendors/fancybox/source/jquery.fancybox.js\u001b[39m","time":"2016-09-13T14:59:51.003Z","v":0}
{"name":"hexo","hostname":"panhtdeMacBook-Pro.local","pid":8367,"level":20,"msg":"Processed: \u001b[35msource/vendors/fancybox/source/jquery.fancybox.pack.js\u001b[39m","time":"2016-09-13T14:59:51.003Z","v":0}
{"name":"hexo","hostname":"panhtdeMacBook-Pro.local","pid":8367,"level":20,"msg":"Processed: \u001b[35msource/vendors/fastclick/lib/fastclick.js\u001b[39m","time":"2016-09-13T14:59:51.003Z","v":0}
{"name":"hexo","hostname":"panhtdeMacBook-Pro.local","pid":8367,"level":20,"msg":"Processed: \u001b[35msource/vendors/fastclick/lib/fastclick.min.js\u001b[39m","time":"2016-09-13T14:59:51.004Z","v":0}
{"name":"hexo","hostname":"panhtdeMacBook-Pro.local","pid":8367,"level":20,"msg":"Processed: \u001b[35msource/vendors/font-awesome/css/font-awesome.css\u001b[39m","time":"2016-09-13T14:59:51.004Z","v":0}
{"name":"hexo","hostname":"panhtdeMacBook-Pro.local","pid":8367,"level":20,"msg":"Processed: \u001b[35msource/vendors/font-awesome/css/font-awesome.css.map\u001b[39m","time":"2016-09-13T14:59:51.004Z","v":0}
{"name":"hexo","hostname":"panhtdeMacBook-Pro.local","pid":8367,"level":20,"msg":"Processed: \u001b[35msource/vendors/font-awesome/css/font-awesome.min.css\u001b[39m","time":"2016-09-13T14:59:51.004Z","v":0}
{"name":"hexo","hostname":"panhtdeMacBook-Pro.local","pid":8367,"level":20,"msg":"Processed: \u001b[35msource/vendors/font-awesome/fonts/fontawesome-webfont.woff2\u001b[39m","time":"2016-09-13T14:59:51.004Z","v":0}
{"name":"hexo","hostname":"panhtdeMacBook-Pro.local","pid":8367,"level":20,"msg":"Processed: \u001b[35msource/vendors/ua-parser-js/dist/ua-parser.pack.js\u001b[39m","time":"2016-09-13T14:59:51.004Z","v":0}
{"name":"hexo","hostname":"panhtdeMacBook-Pro.local","pid":8367,"level":20,"msg":"Processed: \u001b[35msource/vendors/ua-parser-js/dist/ua-parser.min.js\u001b[39m","time":"2016-09-13T14:59:51.004Z","v":0}
{"name":"hexo","hostname":"panhtdeMacBook-Pro.local","pid":8367,"level":20,"msg":"Processed: \u001b[35mlayout/_partials/head/external-fonts.swig\u001b[39m","time":"2016-09-13T14:59:51.014Z","v":0}
{"name":"hexo","hostname":"panhtdeMacBook-Pro.local","pid":8367,"level":20,"msg":"Processed: \u001b[35mlayout/_partials/search/localsearch.swig\u001b[39m","time":"2016-09-13T14:59:51.014Z","v":0}
{"name":"hexo","hostname":"panhtdeMacBook-Pro.local","pid":8367,"level":20,"msg":"Processed: \u001b[35mlayout/_partials/share/add-this.swig\u001b[39m","time":"2016-09-13T14:59:51.014Z","v":0}
{"name":"hexo","hostname":"panhtdeMacBook-Pro.local","pid":8367,"level":20,"msg":"Processed: \u001b[35mlayout/_partials/search/swiftype.swig\u001b[39m","time":"2016-09-13T14:59:51.014Z","v":0}
{"name":"hexo","hostname":"panhtdeMacBook-Pro.local","pid":8367,"level":20,"msg":"Processed: \u001b[35mlayout/_partials/search/tinysou.swig\u001b[39m","time":"2016-09-13T14:59:51.014Z","v":0}
{"name":"hexo","hostname":"panhtdeMacBook-Pro.local","pid":8367,"level":20,"msg":"Processed: \u001b[35mlayout/_partials/share/duoshuo_share.swig\u001b[39m","time":"2016-09-13T14:59:51.014Z","v":0}
{"name":"hexo","hostname":"panhtdeMacBook-Pro.local","pid":8367,"level":20,"msg":"Processed: \u001b[35mlayout/_partials/share/baidushare.swig\u001b[39m","time":"2016-09-13T14:59:51.014Z","v":0}
{"name":"hexo","hostname":"panhtdeMacBook-Pro.local","pid":8367,"level":20,"msg":"Processed: \u001b[35mlayout/_scripts/pages/post-details.swig\u001b[39m","time":"2016-09-13T14:59:51.015Z","v":0}
{"name":"hexo","hostname":"panhtdeMacBook-Pro.local","pid":8367,"level":20,"msg":"Processed: \u001b[35mlayout/_partials/share/jiathis.swig\u001b[39m","time":"2016-09-13T14:59:51.015Z","v":0}
{"name":"hexo","hostname":"panhtdeMacBook-Pro.local","pid":8367,"level":20,"msg":"Processed: \u001b[35mlayout/_scripts/schemes/pisces.swig\u001b[39m","time":"2016-09-13T14:59:51.015Z","v":0}
{"name":"hexo","hostname":"panhtdeMacBook-Pro.local","pid":8367,"level":20,"msg":"Processed: \u001b[35mlayout/_scripts/third-party/analytics.swig\u001b[39m","time":"2016-09-13T14:59:51.015Z","v":0}
{"name":"hexo","hostname":"panhtdeMacBook-Pro.local","pid":8367,"level":20,"msg":"Processed: \u001b[35mlayout/_scripts/third-party/lean-analytics.swig\u001b[39m","time":"2016-09-13T14:59:51.015Z","v":0}
{"name":"hexo","hostname":"panhtdeMacBook-Pro.local","pid":8367,"level":20,"msg":"Processed: \u001b[35mlayout/_scripts/third-party/comments.swig\u001b[39m","time":"2016-09-13T14:59:51.015Z","v":0}
{"name":"hexo","hostname":"panhtdeMacBook-Pro.local","pid":8367,"level":20,"msg":"Processed: \u001b[35mlayout/_scripts/third-party/localsearch.swig\u001b[39m","time":"2016-09-13T14:59:51.015Z","v":0}
{"name":"hexo","hostname":"panhtdeMacBook-Pro.local","pid":8367,"level":20,"msg":"Processed: \u001b[35mlayout/_scripts/third-party/mathjax.swig\u001b[39m","time":"2016-09-13T14:59:51.015Z","v":0}
{"name":"hexo","hostname":"panhtdeMacBook-Pro.local","pid":8367,"level":20,"msg":"Processed: \u001b[35mlayout/_scripts/third-party/tinysou.swig\u001b[39m","time":"2016-09-13T14:59:51.015Z","v":0}
{"name":"hexo","hostname":"panhtdeMacBook-Pro.local","pid":8367,"level":20,"msg":"Processed: \u001b[35msource/vendors/font-awesome/fonts/FontAwesome.otf\u001b[39m","time":"2016-09-13T14:59:51.016Z","v":0}
{"name":"hexo","hostname":"panhtdeMacBook-Pro.local","pid":8367,"level":20,"msg":"Processed: \u001b[35msource/vendors/font-awesome/fonts/fontawesome-webfont.eot\u001b[39m","time":"2016-09-13T14:59:51.016Z","v":0}
{"name":"hexo","hostname":"panhtdeMacBook-Pro.local","pid":8367,"level":20,"msg":"Processed: \u001b[35msource/vendors/font-awesome/fonts/fontawesome-webfont.woff\u001b[39m","time":"2016-09-13T14:59:51.016Z","v":0}
{"name":"hexo","hostname":"panhtdeMacBook-Pro.local","pid":8367,"level":20,"msg":"Processed: \u001b[35msource/vendors/velocity/velocity.js\u001b[39m","time":"2016-09-13T14:59:51.016Z","v":0}
{"name":"hexo","hostname":"panhtdeMacBook-Pro.local","pid":8367,"level":20,"msg":"Processed: \u001b[35msource/vendors/fancybox/source/helpers/fancybox_buttons.png\u001b[39m","time":"2016-09-13T14:59:51.021Z","v":0}
{"name":"hexo","hostname":"panhtdeMacBook-Pro.local","pid":8367,"level":20,"msg":"Processed: \u001b[35msource/vendors/fancybox/source/helpers/jquery.fancybox-buttons.css\u001b[39m","time":"2016-09-13T14:59:51.023Z","v":0}
{"name":"hexo","hostname":"panhtdeMacBook-Pro.local","pid":8367,"level":20,"msg":"Processed: \u001b[35msource/vendors/fancybox/source/helpers/jquery.fancybox-buttons.js\u001b[39m","time":"2016-09-13T14:59:51.023Z","v":0}
{"name":"hexo","hostname":"panhtdeMacBook-Pro.local","pid":8367,"level":20,"msg":"Processed: \u001b[35msource/vendors/fancybox/source/helpers/jquery.fancybox-media.js\u001b[39m","time":"2016-09-13T14:59:51.023Z","v":0}
{"name":"hexo","hostname":"panhtdeMacBook-Pro.local","pid":8367,"level":20,"msg":"Processed: \u001b[35msource/vendors/fancybox/source/helpers/jquery.fancybox-thumbs.css\u001b[39m","time":"2016-09-13T14:59:51.023Z","v":0}
{"name":"hexo","hostname":"panhtdeMacBook-Pro.local","pid":8367,"level":20,"msg":"Processed: \u001b[35msource/vendors/fancybox/source/helpers/jquery.fancybox-thumbs.js\u001b[39m","time":"2016-09-13T14:59:51.023Z","v":0}
{"name":"hexo","hostname":"panhtdeMacBook-Pro.local","pid":8367,"level":20,"msg":"Processed: \u001b[35msource/vendors/font-awesome/fonts/fontawesome-webfont.ttf\u001b[39m","time":"2016-09-13T14:59:51.023Z","v":0}
{"name":"hexo","hostname":"panhtdeMacBook-Pro.local","pid":8367,"level":20,"msg":"Processed: \u001b[35mlayout/_scripts/third-party/analytics/cnzz-analytics.swig\u001b[39m","time":"2016-09-13T14:59:51.029Z","v":0}
{"name":"hexo","hostname":"panhtdeMacBook-Pro.local","pid":8367,"level":20,"msg":"Processed: \u001b[35mlayout/_scripts/third-party/analytics/busuanzi-counter.swig\u001b[39m","time":"2016-09-13T14:59:51.029Z","v":0}
{"name":"hexo","hostname":"panhtdeMacBook-Pro.local","pid":8367,"level":20,"msg":"Processed: \u001b[35mlayout/_scripts/third-party/analytics/facebook-sdk.swig\u001b[39m","time":"2016-09-13T14:59:51.029Z","v":0}
{"name":"hexo","hostname":"panhtdeMacBook-Pro.local","pid":8367,"level":20,"msg":"Processed: \u001b[35mlayout/_scripts/third-party/analytics/google-analytics.swig\u001b[39m","time":"2016-09-13T14:59:51.029Z","v":0}
{"name":"hexo","hostname":"panhtdeMacBook-Pro.local","pid":8367,"level":20,"msg":"Processed: \u001b[35mlayout/_scripts/third-party/analytics/baidu-analytics.swig\u001b[39m","time":"2016-09-13T14:59:51.029Z","v":0}
{"name":"hexo","hostname":"panhtdeMacBook-Pro.local","pid":8367,"level":20,"msg":"Processed: \u001b[35mlayout/_scripts/third-party/analytics/tencent-analytics.swig\u001b[39m","time":"2016-09-13T14:59:51.029Z","v":0}
{"name":"hexo","hostname":"panhtdeMacBook-Pro.local","pid":8367,"level":20,"msg":"Processed: \u001b[35mlayout/_scripts/third-party/comments/disqus.swig\u001b[39m","time":"2016-09-13T14:59:51.029Z","v":0}
{"name":"hexo","hostname":"panhtdeMacBook-Pro.local","pid":8367,"level":20,"msg":"Processed: \u001b[35mlayout/_scripts/third-party/comments/duoshuo.swig\u001b[39m","time":"2016-09-13T14:59:51.029Z","v":0}
{"name":"hexo","hostname":"panhtdeMacBook-Pro.local","pid":8367,"level":20,"msg":"Processed: \u001b[35msource/vendors/font-awesome/fonts/fontawesome-webfont.svg\u001b[39m","time":"2016-09-13T14:59:51.032Z","v":0}
{"name":"hexo","hostname":"panhtdeMacBook-Pro.local","pid":8367,"level":20,"msg":"Generator: \u001b[35mpage\u001b[39m","time":"2016-09-13T14:59:51.116Z","v":0}
{"name":"hexo","hostname":"panhtdeMacBook-Pro.local","pid":8367,"level":20,"msg":"Generator: \u001b[35mpost\u001b[39m","time":"2016-09-13T14:59:51.116Z","v":0}
{"name":"hexo","hostname":"panhtdeMacBook-Pro.local","pid":8367,"level":20,"msg":"Generator: \u001b[35marchive\u001b[39m","time":"2016-09-13T14:59:51.116Z","v":0}
{"name":"hexo","hostname":"panhtdeMacBook-Pro.local","pid":8367,"level":20,"msg":"Generator: \u001b[35mcategory\u001b[39m","time":"2016-09-13T14:59:51.116Z","v":0}
{"name":"hexo","hostname":"panhtdeMacBook-Pro.local","pid":8367,"level":20,"msg":"Generator: \u001b[35mindex\u001b[39m","time":"2016-09-13T14:59:51.116Z","v":0}
{"name":"hexo","hostname":"panhtdeMacBook-Pro.local","pid":8367,"level":20,"msg":"Generator: \u001b[35mtag\u001b[39m","time":"2016-09-13T14:59:51.116Z","v":0}
{"name":"hexo","hostname":"panhtdeMacBook-Pro.local","pid":8367,"level":20,"msg":"Generator: \u001b[35masset\u001b[39m","time":"2016-09-13T14:59:51.118Z","v":0}
{"name":"hexo","hostname":"panhtdeMacBook-Pro.local","pid":8367,"level":30,"msg":"Hexo is running at \u001b[4mhttp://localhost:4000/\u001b[24m. Press Ctrl+C to stop.","time":"2016-09-13T14:59:51.124Z","v":0}
{"name":"hexo","hostname":"panhtdeMacBook-Pro.local","pid":8367,"level":20,"msg":"Database saved","time":"2016-09-13T14:59:51.134Z","v":0}
{"name":"hexo","hostname":"panhtdeMacBook-Pro.local","pid":8367,"level":20,"msg":"Rendering index: \u001b[35mindex.html\u001b[39m","time":"2016-09-13T14:59:55.846Z","v":0}
{"name":"hexo","hostname":"panhtdeMacBook-Pro.local","pid":8367,"level":30,"msg":"Catch you later","time":"2016-09-13T15:00:07.441Z","v":0}
{"name":"hexo","hostname":"panhtdeMacBook-Pro.local","pid":8367,"level":20,"msg":"Database saved","time":"2016-09-13T15:00:07.451Z","v":0}
